[2025-12-17 15:29:09] Iniciando execução do gerador de cenários
[2025-12-17 15:29:09] Conectando ao Jira...
[2025-12-17 15:29:09] Configurando gerador de cenários...
[2025-12-17 15:29:09] Buscando issues da sprint ativa...
[2025-12-17 15:29:12] Encontradas 4 issues para processar
[2025-12-17 15:29:49] Execução concluída: 4 sucessos, 0 erros
2025-12-17 16:07:05.972900: 3 sucessos, 0 erros
2025-12-17 16:09:16.543413: 3 sucessos, 0 erros
[2025-12-17 16:12:54] Iniciando execução do gerador de cenários
[2025-12-17 16:12:54] Conectando ao Jira...
[2025-12-17 16:12:54] Configurando gerador de cenários...
[2025-12-17 16:12:54] Buscando issues da sprint ativa...
[2025-12-17 16:12:56] Encontradas 3 issues para processar
[2025-12-17 16:13:27] Execução concluída: 3 sucessos, 0 erros
[2025-12-17 17:12:38] Iniciando execução do gerador de cenários
[2025-12-17 17:12:38] Conectando ao Jira...
[2025-12-17 17:12:38] Configurando gerador de cenários...
[2025-12-17 17:12:38] Buscando issues da sprint ativa...
[2025-12-17 17:12:40] Encontradas 4 issues para processar
[2025-12-17 17:13:19] Execução concluída: 4 sucessos, 0 erros
[2025-12-18 14:36:47] Iniciando execução do gerador de cenários
[2025-12-18 14:36:47] Conectando ao Jira...
[2025-12-18 14:36:47] Configurando gerador de cenários...
[2025-12-18 14:36:48] Buscando issues da sprint ativa...
[2025-12-18 14:36:48] Nenhuma issue encontrada para teste
[2025-12-19 17:49:33] Iniciando execução do gerador de cenários
[2025-12-19 17:49:33] Conectando ao Jira...
[2025-12-19 17:49:33] Configurando gerador de cenários...
[2025-12-19 17:49:33] Buscando issues da sprint ativa...
[2025-12-19 17:49:34] Nenhuma issue encontrada para teste
[2025-12-19 17:52:28] Iniciando execução do gerador de cenários
[2025-12-19 17:52:28] Conectando ao Jira...
[2025-12-19 17:52:28] Configurando gerador de cenários...
[2025-12-19 17:52:29] Buscando issues da sprint ativa...
[2025-12-19 17:52:29] Nenhuma issue encontrada para teste
[2025-12-19 17:53:01] Iniciando execução do gerador de cenários
[2025-12-19 17:53:01] Conectando ao Jira...
[2025-12-19 17:53:01] Configurando gerador de cenários...
[2025-12-19 17:53:02] Buscando issues da sprint ativa...
[2025-12-19 17:53:02] Nenhuma issue encontrada para teste
[2025-12-19 17:53:33] Iniciando execução do gerador de cenários
[2025-12-19 17:53:33] Conectando ao Jira...
[2025-12-19 17:53:33] Configurando gerador de cenários...
[2025-12-19 17:53:34] Buscando issues da sprint ativa...
[2025-12-19 17:53:35] Nenhuma issue encontrada para teste
